time="2026-01-17T12:23:42-05:00" level=warning msg="The \"CLOUDFLARE_TUNNEL_TOKEN\" variable is not set. Defaulting to a blank string."
time="2026-01-17T12:23:42-05:00" level=warning msg="The \"CLOUDFLARE_TUNNEL_TOKEN\" variable is not set. Defaulting to a blank string."
 Image pandoc-web-worker Building 
#1 [internal] load local bake definitions
#1 reading from stdin 582B done
#1 DONE 0.0s

#2 [internal] load build definition from Dockerfile
#2 transferring dockerfile: 2.45kB 0.0s done
#2 DONE 0.0s

#3 [internal] load metadata for nvcr.io/nvidia/cuda:11.8.0-cudnn8-devel-ubuntu22.04
#3 DONE 0.7s

#4 [internal] load .dockerignore
#4 transferring context: 92B 0.0s done
#4 DONE 0.1s

#5 [internal] load build context
#5 DONE 0.0s

#6 [base-true 1/1] FROM nvcr.io/nvidia/cuda:11.8.0-cudnn8-devel-ubuntu22.04@sha256:8f9dd0d09d3ad3900357a1cf7f887888b5b74056636cd6ef03c160c3cd4b1d95
#6 resolve nvcr.io/nvidia/cuda:11.8.0-cudnn8-devel-ubuntu22.04@sha256:8f9dd0d09d3ad3900357a1cf7f887888b5b74056636cd6ef03c160c3cd4b1d95 0.0s done
#6 DONE 0.0s

#5 [internal] load build context
#5 transferring context: 2.93kB 0.0s done
#5 DONE 0.1s

#7 [base 3/8] COPY requirements-true.txt requirements-build.txt
#7 CACHED

#8 [base 4/8] RUN pip3 install --upgrade pip setuptools
#8 CACHED

#9 [base 1/8] RUN apt-get update && apt-get install -y     pandoc     texlive-latex-base     texlive-latex-extra     texlive-fonts-recommended     texlive-fonts-extra     python3     python3-pip     git     git-lfs     curl     libgl1     libglib2.0-0     && git lfs install     && ln -s /usr/bin/python3 /usr/bin/python     && rm -rf /var/lib/apt/lists/*
#9 CACHED

#10 [base 2/8] WORKDIR /app
#10 CACHED

#11 [base 5/8] RUN pip3 install --no-cache-dir --extra-index-url https://download.pytorch.org/whl/cu118 -r requirements-build.txt
#11 CACHED

#12 [base 6/8] COPY . .
#12 DONE 0.1s

#13 [base 7/8] RUN chmod +x entrypoint.sh
#13 DONE 0.3s

#14 [base 8/8] RUN groupadd -r appuser && useradd -r -g appuser appuser &&     chown -R appuser:appuser /app
#14 DONE 0.6s

#15 exporting to image
#15 exporting layers
#15 exporting layers 175.6s done
#15 exporting manifest sha256:d8e2fa0c178eb2cf5cf3a08ba252a0dd39c73a64b22803b0593a664be0716aa7 0.0s done
#15 exporting config sha256:dda0adacaf388885b5081a41efca5fb233423f6998b36bb0cb0b1a0211a32e98 0.0s done
#15 exporting attestation manifest sha256:be788d7426c3e6af44f0971f3d6b1c759707c14d18e727dd9189880f7ae0f892 0.1s done
#15 exporting manifest list sha256:e5acccd6961b23a76e7bda31306acab8e77bdb2aae536583d24d25a89960b903
#15 exporting manifest list sha256:e5acccd6961b23a76e7bda31306acab8e77bdb2aae536583d24d25a89960b903 0.0s done
#15 naming to docker.io/library/pandoc-web-worker:latest done
#15 unpacking to docker.io/library/pandoc-web-worker:latest
#15 unpacking to docker.io/library/pandoc-web-worker:latest 67.4s done
#15 DONE 243.2s

#16 resolving provenance for metadata file
#16 DONE 0.0s
 Image pandoc-web-worker Built 
